[2026-06-18T04:35:06.331Z] ABG discovered
[2026-06-18T13:06:44.242Z] HAPI disappeared
[2026-06-20T05:53:22.531Z] ETH discovered
[2026-06-20T05:53:27.037Z] AURORA discovered
[2026-06-20T05:55:05.351Z] wBTC discovered
[2026-06-20T05:55:06.208Z] BLACKDRAGON discovered
[2026-06-20T06:00:05.856Z] SHITZU discovered
[2026-06-20T11:05:43.142Z] HAPI disappeared
[2026-06-20T11:05:46.277Z] HAPI disappeared
[2026-06-21T15:10:16.573Z] ETH discovered
[2026-06-21T15:10:20.509Z] AURORA discovered
[2026-06-21T15:15:05.705Z] wBTC discovered
[2026-06-21T15:15:06.600Z] BLACKDRAGON discovered
[2026-06-21T15:15:11.535Z] ETH discovered
[2026-06-21T15:15:15.650Z] AURORA discovered
[2026-06-21T15:20:09.196Z] wBTC discovered
[2026-06-21T15:20:09.862Z] BLACKDRAGON discovered
[2026-06-21T15:25:06.259Z] SHITZU discovered
[2026-06-21T16:15:12.420Z] $WIF reappeared
[2026-06-22T07:30:44.778Z] ETH discovered
[2026-06-22T07:30:48.976Z] AURORA discovered
[2026-06-22T07:35:06.129Z] wBTC discovered
[2026-06-22T07:35:06.939Z] BLACKDRAGON discovered
[2026-06-22T07:35:27.278Z] ETH discovered
[2026-06-22T07:35:31.504Z] AURORA discovered
[2026-06-22T07:40:05.457Z] wBTC discovered
[2026-06-22T07:40:06.274Z] BLACKDRAGON discovered
[2026-06-22T07:45:05.564Z] SHITZU discovered
[2026-06-22T12:22:34.513Z] VVV disappeared
[2026-06-22T12:22:38.016Z] VVV disappeared
[2026-06-25T20:36:54.753Z] VVV disappeared
[2026-06-28T02:30:03.126Z] ETH discovered
[2026-06-28T02:30:07.836Z] AURORA discovered
[2026-06-29T11:21:09.448Z] SOL disappeared
[2026-06-29T18:46:55.121Z] $WIF disappeared
